<?xml version="1.0" encoding="UTF-8"?>
<!-- Generated by org.testng.reporters.JUnitXMLReporter -->
<testsuite hostname="Mrliu" ignored="0" name="test1" tests="2" failures="1" timestamp="25 十月 2017 08:10:10 GMT" time="37.477" errors="0">
  <testcase name="failLoginTest1" time="4.618" classname="com.first.testcases.LoginTest"/>
  <testcase name="loginTest1" time="16.397" classname="com.first.testcases.LoginTest">
    <failure type="java.lang.AssertionError" message="元素未找到，不继续执行测试用例！">
      <![CDATA[java.lang.AssertionError: 元素未找到，不继续执行测试用例！
	at com.first.uiframework.WebElementUtils.getElement(WebElementUtils.java:54)
	at com.first.uiframework.WebElementUtils$1.apply(WebElementUtils.java:64)
	at com.first.uiframework.WebElementUtils$1.apply(WebElementUtils.java:1)
	at org.openqa.selenium.support.ui.FluentWait.until(FluentWait.java:209)
	at com.first.uiframework.WebElementUtils.findElement(WebElementUtils.java:62)
	at com.first.uiframework.WebElementUtils.getText(WebElementUtils.java:83)
	at com.first.pages.MainPage.getLoginUserName(MainPage.java:23)
	at com.first.actions.LoginOperate.getLoginUserName(LoginOperate.java:32)
	at com.first.testcases.LoginTest.loginTest1(LoginTest.java:37)
... Removed 26 stack frames]]>
    </failure>
  </testcase> <!-- loginTest1 -->
</testsuite> <!-- test1 -->
